This file contains any messages produced by compilers while
running configure, to aid debugging if configure makes a mistake.

It was created by cvechecker configure 3.8, which was
generated by GNU Autoconf 2.69.  Invocation command line was

  $ ./configure --enable-sqlite3

## --------- ##
## Platform. ##
## --------- ##

hostname = ip-172-31-29-176.us-west-1.compute.internal
uname -m = x86_64
uname -r = 3.10.0-862.3.2.el7.x86_64
uname -s = Linux
uname -v = #1 SMP Mon May 21 23:36:36 UTC 2018

/usr/bin/uname -p = x86_64
/bin/uname -X     = unknown

/bin/arch              = x86_64
/usr/bin/arch -k       = unknown
/usr/convex/getsysinfo = unknown
/usr/bin/hostinfo      = unknown
/bin/machine           = unknown
/usr/bin/oslevel       = unknown
/bin/universe          = unknown

PATH: /usr/local/bin
PATH: /usr/bin
PATH: /usr/local/sbin
PATH: /usr/sbin
PATH: /home/ec2-user/.local/bin
PATH: /home/ec2-user/bin


## ----------- ##
## Core tests. ##
## ----------- ##

configure:2277: checking for a BSD-compatible install
configure:2345: result: /usr/bin/install -c
configure:2356: checking whether build environment is sane
configure:2411: result: yes
configure:2562: checking for a thread-safe mkdir -p
configure:2601: result: /usr/bin/mkdir -p
configure:2608: checking for gawk
configure:2624: found /usr/bin/gawk
configure:2635: result: gawk
configure:2646: checking whether make sets $(MAKE)
configure:2668: result: yes
configure:2697: checking whether make supports nested variables
configure:2714: result: yes
configure:2802: checking Determining host operating system
configure:2805: result: Linux
configure:2873: checking for gcc
configure:2889: found /usr/bin/gcc
configure:2900: result: gcc
configure:3129: checking for C compiler version
configure:3138: gcc --version >&5
gcc (GCC) 4.8.5 20150623 (Red Hat 4.8.5-28)
Copyright (C) 2015 Free Software Foundation, Inc.
This is free software; see the source for copying conditions.  There is NO
warranty; not even for MERCHANTABILITY or FITNESS FOR A PARTICULAR PURPOSE.

configure:3149: $? = 0
configure:3138: gcc -v >&5
Using built-in specs.
COLLECT_GCC=gcc
COLLECT_LTO_WRAPPER=/usr/libexec/gcc/x86_64-redhat-linux/4.8.5/lto-wrapper
Target: x86_64-redhat-linux
Configured with: ../configure --prefix=/usr --mandir=/usr/share/man --infodir=/usr/share/info --with-bugurl=http://bugzilla.redhat.com/bugzilla --enable-bootstrap --enable-shared --enable-threads=posix --enable-checking=release --with-system-zlib --enable-__cxa_atexit --disable-libunwind-exceptions --enable-gnu-unique-object --enable-linker-build-id --with-linker-hash-style=gnu --enable-languages=c,c++,objc,obj-c++,java,fortran,ada,go,lto --enable-plugin --enable-initfini-array --disable-libgcj --with-isl=/builddir/build/BUILD/gcc-4.8.5-20150702/obj-x86_64-redhat-linux/isl-install --with-cloog=/builddir/build/BUILD/gcc-4.8.5-20150702/obj-x86_64-redhat-linux/cloog-install --enable-gnu-indirect-function --with-tune=generic --with-arch_32=x86-64 --build=x86_64-redhat-linux
Thread model: posix
gcc version 4.8.5 20150623 (Red Hat 4.8.5-28) (GCC) 
configure:3149: $? = 0
configure:3138: gcc -V >&5
gcc: error: unrecognized command line option '-V'
gcc: fatal error: no input files
compilation terminated.
configure:3149: $? = 4
configure:3138: gcc -qversion >&5
gcc: error: unrecognized command line option '-qversion'
gcc: fatal error: no input files
compilation terminated.
configure:3149: $? = 4
configure:3169: checking whether the C compiler works
configure:3191: gcc    conftest.c  >&5
configure:3195: $? = 0
configure:3243: result: yes
configure:3246: checking for C compiler default output file name
configure:3248: result: a.out
configure:3254: checking for suffix of executables
configure:3261: gcc -o conftest    conftest.c  >&5
configure:3265: $? = 0
configure:3287: result: 
configure:3309: checking whether we are cross compiling
configure:3317: gcc -o conftest    conftest.c  >&5
configure:3321: $? = 0
configure:3328: ./conftest
configure:3332: $? = 0
configure:3347: result: no
configure:3352: checking for suffix of object files
configure:3374: gcc -c   conftest.c >&5
configure:3378: $? = 0
configure:3399: result: o
configure:3403: checking whether we are using the GNU C compiler
configure:3422: gcc -c   conftest.c >&5
configure:3422: $? = 0
configure:3431: result: yes
configure:3440: checking whether gcc accepts -g
configure:3460: gcc -c -g  conftest.c >&5
configure:3460: $? = 0
configure:3501: result: yes
configure:3518: checking for gcc option to accept ISO C89
configure:3581: gcc  -c -g -O2  conftest.c >&5
configure:3581: $? = 0
configure:3594: result: none needed
configure:3625: checking for style of include used by make
configure:3653: result: GNU
configure:3679: checking dependency style of gcc
configure:3790: result: gcc3
configure:3811: checking how to run the C preprocessor
configure:3842: gcc -E  conftest.c
configure:3842: $? = 0
configure:3856: gcc -E  conftest.c
conftest.c:11:28: fatal error: ac_nonexistent.h: No such file or directory
 #include <ac_nonexistent.h>
                            ^
compilation terminated.
configure:3856: $? = 1
configure: failed program was:
| /* confdefs.h */
| #define PACKAGE_NAME "cvechecker"
| #define PACKAGE_TARNAME "cvechecker"
| #define PACKAGE_VERSION "3.8"
| #define PACKAGE_STRING "cvechecker 3.8"
| #define PACKAGE_BUGREPORT "sven.vermeulen@siphos.be"
| #define PACKAGE_URL ""
| #define PACKAGE "cvechecker"
| #define VERSION "3.8"
| /* end confdefs.h.  */
| #include <ac_nonexistent.h>
configure:3881: result: gcc -E
configure:3901: gcc -E  conftest.c
configure:3901: $? = 0
configure:3915: gcc -E  conftest.c
conftest.c:11:28: fatal error: ac_nonexistent.h: No such file or directory
 #include <ac_nonexistent.h>
                            ^
compilation terminated.
configure:3915: $? = 1
configure: failed program was:
| /* confdefs.h */
| #define PACKAGE_NAME "cvechecker"
| #define PACKAGE_TARNAME "cvechecker"
| #define PACKAGE_VERSION "3.8"
| #define PACKAGE_STRING "cvechecker 3.8"
| #define PACKAGE_BUGREPORT "sven.vermeulen@siphos.be"
| #define PACKAGE_URL ""
| #define PACKAGE "cvechecker"
| #define VERSION "3.8"
| /* end confdefs.h.  */
| #include <ac_nonexistent.h>
configure:3944: checking for grep that handles long lines and -e
configure:4002: result: /usr/bin/grep
configure:4007: checking for egrep
configure:4069: result: /usr/bin/grep -E
configure:4074: checking for ANSI C header files
configure:4094: gcc -c -g -O2  conftest.c >&5
configure:4094: $? = 0
configure:4167: gcc -o conftest -g -O2   conftest.c  >&5
configure:4167: $? = 0
configure:4167: ./conftest
configure:4167: $? = 0
configure:4178: result: yes
configure:4191: checking for sys/types.h
configure:4191: gcc -c -g -O2  conftest.c >&5
configure:4191: $? = 0
configure:4191: result: yes
configure:4191: checking for sys/stat.h
configure:4191: gcc -c -g -O2  conftest.c >&5
configure:4191: $? = 0
configure:4191: result: yes
configure:4191: checking for stdlib.h
configure:4191: gcc -c -g -O2  conftest.c >&5
configure:4191: $? = 0
configure:4191: result: yes
configure:4191: checking for string.h
configure:4191: gcc -c -g -O2  conftest.c >&5
configure:4191: $? = 0
configure:4191: result: yes
configure:4191: checking for memory.h
configure:4191: gcc -c -g -O2  conftest.c >&5
configure:4191: $? = 0
configure:4191: result: yes
configure:4191: checking for strings.h
configure:4191: gcc -c -g -O2  conftest.c >&5
configure:4191: $? = 0
configure:4191: result: yes
configure:4191: checking for inttypes.h
configure:4191: gcc -c -g -O2  conftest.c >&5
configure:4191: $? = 0
configure:4191: result: yes
configure:4191: checking for stdint.h
configure:4191: gcc -c -g -O2  conftest.c >&5
configure:4191: $? = 0
configure:4191: result: yes
configure:4191: checking for unistd.h
configure:4191: gcc -c -g -O2  conftest.c >&5
configure:4191: $? = 0
configure:4191: result: yes
configure:4204: checking minix/config.h usability
configure:4204: gcc -c -g -O2  conftest.c >&5
conftest.c:54:26: fatal error: minix/config.h: No such file or directory
 #include <minix/config.h>
                          ^
compilation terminated.
configure:4204: $? = 1
configure: failed program was:
| /* confdefs.h */
| #define PACKAGE_NAME "cvechecker"
| #define PACKAGE_TARNAME "cvechecker"
| #define PACKAGE_VERSION "3.8"
| #define PACKAGE_STRING "cvechecker 3.8"
| #define PACKAGE_BUGREPORT "sven.vermeulen@siphos.be"
| #define PACKAGE_URL ""
| #define PACKAGE "cvechecker"
| #define VERSION "3.8"
| #define STDC_HEADERS 1
| #define HAVE_SYS_TYPES_H 1
| #define HAVE_SYS_STAT_H 1
| #define HAVE_STDLIB_H 1
| #define HAVE_STRING_H 1
| #define HAVE_MEMORY_H 1
| #define HAVE_STRINGS_H 1
| #define HAVE_INTTYPES_H 1
| #define HAVE_STDINT_H 1
| #define HAVE_UNISTD_H 1
| /* end confdefs.h.  */
| #include <stdio.h>
| #ifdef HAVE_SYS_TYPES_H
| # include <sys/types.h>
| #endif
| #ifdef HAVE_SYS_STAT_H
| # include <sys/stat.h>
| #endif
| #ifdef STDC_HEADERS
| # include <stdlib.h>
| # include <stddef.h>
| #else
| # ifdef HAVE_STDLIB_H
| #  include <stdlib.h>
| # endif
| #endif
| #ifdef HAVE_STRING_H
| # if !defined STDC_HEADERS && defined HAVE_MEMORY_H
| #  include <memory.h>
| # endif
| # include <string.h>
| #endif
| #ifdef HAVE_STRINGS_H
| # include <strings.h>
| #endif
| #ifdef HAVE_INTTYPES_H
| # include <inttypes.h>
| #endif
| #ifdef HAVE_STDINT_H
| # include <stdint.h>
| #endif
| #ifdef HAVE_UNISTD_H
| # include <unistd.h>
| #endif
| #include <minix/config.h>
configure:4204: result: no
configure:4204: checking minix/config.h presence
configure:4204: gcc -E  conftest.c
conftest.c:21:26: fatal error: minix/config.h: No such file or directory
 #include <minix/config.h>
                          ^
compilation terminated.
configure:4204: $? = 1
configure: failed program was:
| /* confdefs.h */
| #define PACKAGE_NAME "cvechecker"
| #define PACKAGE_TARNAME "cvechecker"
| #define PACKAGE_VERSION "3.8"
| #define PACKAGE_STRING "cvechecker 3.8"
| #define PACKAGE_BUGREPORT "sven.vermeulen@siphos.be"
| #define PACKAGE_URL ""
| #define PACKAGE "cvechecker"
| #define VERSION "3.8"
| #define STDC_HEADERS 1
| #define HAVE_SYS_TYPES_H 1
| #define HAVE_SYS_STAT_H 1
| #define HAVE_STDLIB_H 1
| #define HAVE_STRING_H 1
| #define HAVE_MEMORY_H 1
| #define HAVE_STRINGS_H 1
| #define HAVE_INTTYPES_H 1
| #define HAVE_STDINT_H 1
| #define HAVE_UNISTD_H 1
| /* end confdefs.h.  */
| #include <minix/config.h>
configure:4204: result: no
configure:4204: checking for minix/config.h
configure:4204: result: no
configure:4225: checking whether it is safe to define __EXTENSIONS__
configure:4243: gcc -c -g -O2  conftest.c >&5
configure:4243: $? = 0
configure:4250: result: yes
configure:4269: checking for stdlib.h
configure:4269: result: yes
configure:4283: checking for string.h
configure:4283: result: yes
configure:4297: checking for unistd.h
configure:4297: result: yes
configure:4311: checking argp.h usability
configure:4311: gcc -c -g -O2  conftest.c >&5
configure:4311: $? = 0
configure:4311: result: yes
configure:4311: checking argp.h presence
configure:4311: gcc -E  conftest.c
configure:4311: $? = 0
configure:4311: result: yes
configure:4311: checking for argp.h
configure:4311: result: yes
configure:4328: checking for gethostname
configure:4328: gcc -o conftest -g -O2   conftest.c  >&5
configure:4328: $? = 0
configure:4328: result: yes
configure:4328: checking for memset
configure:4328: gcc -o conftest -g -O2   conftest.c  >&5
conftest.c:54:6: warning: conflicting types for built-in function 'memset' [enabled by default]
 char memset ();
      ^
configure:4328: $? = 0
configure:4328: result: yes
configure:4328: checking for regcomp
configure:4328: gcc -o conftest -g -O2   conftest.c  >&5
configure:4328: $? = 0
configure:4328: result: yes
configure:4328: checking for strchr
configure:4328: gcc -o conftest -g -O2   conftest.c  >&5
conftest.c:56:6: warning: conflicting types for built-in function 'strchr' [enabled by default]
 char strchr ();
      ^
configure:4328: $? = 0
configure:4328: result: yes
configure:4328: checking for strrchr
configure:4328: gcc -o conftest -g -O2   conftest.c  >&5
conftest.c:57:6: warning: conflicting types for built-in function 'strrchr' [enabled by default]
 char strrchr ();
      ^
configure:4328: $? = 0
configure:4328: result: yes
configure:4328: checking for strstr
configure:4328: gcc -o conftest -g -O2   conftest.c  >&5
conftest.c:58:6: warning: conflicting types for built-in function 'strstr' [enabled by default]
 char strstr ();
      ^
configure:4328: $? = 0
configure:4328: result: yes
configure:4339: checking for size_t
configure:4339: gcc -c -g -O2  conftest.c >&5
configure:4339: $? = 0
configure:4339: gcc -c -g -O2  conftest.c >&5
conftest.c: In function 'main':
conftest.c:72:21: error: expected expression before ')' token
 if (sizeof ((size_t)))
                     ^
configure:4339: $? = 1
configure: failed program was:
| /* confdefs.h */
| #define PACKAGE_NAME "cvechecker"
| #define PACKAGE_TARNAME "cvechecker"
| #define PACKAGE_VERSION "3.8"
| #define PACKAGE_STRING "cvechecker 3.8"
| #define PACKAGE_BUGREPORT "sven.vermeulen@siphos.be"
| #define PACKAGE_URL ""
| #define PACKAGE "cvechecker"
| #define VERSION "3.8"
| #define STDC_HEADERS 1
| #define HAVE_SYS_TYPES_H 1
| #define HAVE_SYS_STAT_H 1
| #define HAVE_STDLIB_H 1
| #define HAVE_STRING_H 1
| #define HAVE_MEMORY_H 1
| #define HAVE_STRINGS_H 1
| #define HAVE_INTTYPES_H 1
| #define HAVE_STDINT_H 1
| #define HAVE_UNISTD_H 1
| #define __EXTENSIONS__ 1
| #define _ALL_SOURCE 1
| #define _GNU_SOURCE 1
| #define _POSIX_PTHREAD_SEMANTICS 1
| #define _TANDEM_SOURCE 1
| #define HAVE_STDLIB_H 1
| #define HAVE_STRING_H 1
| #define HAVE_UNISTD_H 1
| #define HAVE_ARGP_H 1
| #define HAVE_GETHOSTNAME 1
| #define HAVE_MEMSET 1
| #define HAVE_REGCOMP 1
| #define HAVE_STRCHR 1
| #define HAVE_STRRCHR 1
| #define HAVE_STRSTR 1
| /* end confdefs.h.  */
| #include <stdio.h>
| #ifdef HAVE_SYS_TYPES_H
| # include <sys/types.h>
| #endif
| #ifdef HAVE_SYS_STAT_H
| # include <sys/stat.h>
| #endif
| #ifdef STDC_HEADERS
| # include <stdlib.h>
| # include <stddef.h>
| #else
| # ifdef HAVE_STDLIB_H
| #  include <stdlib.h>
| # endif
| #endif
| #ifdef HAVE_STRING_H
| # if !defined STDC_HEADERS && defined HAVE_MEMORY_H
| #  include <memory.h>
| # endif
| # include <string.h>
| #endif
| #ifdef HAVE_STRINGS_H
| # include <strings.h>
| #endif
| #ifdef HAVE_INTTYPES_H
| # include <inttypes.h>
| #endif
| #ifdef HAVE_STDINT_H
| # include <stdint.h>
| #endif
| #ifdef HAVE_UNISTD_H
| # include <unistd.h>
| #endif
| int
| main ()
| {
| if (sizeof ((size_t)))
| 	    return 0;
|   ;
|   return 0;
| }
configure:4339: result: yes
configure:4351: WARNING: Please make sure pkg-config is installed and autoreconf run
configure:4407: checking for pkg-config
configure:4425: found /usr/bin/pkg-config
configure:4437: result: /usr/bin/pkg-config
configure:4462: checking pkg-config is at least version 0.9.0
configure:4465: result: yes
configure:4475: checking for CONFIG
configure:4482: $PKG_CONFIG --exists --print-errors "libconfig >= 1.3"
configure:4485: $? = 0
configure:4499: $PKG_CONFIG --exists --print-errors "libconfig >= 1.3"
configure:4502: $? = 0
configure:4560: result: yes
configure:4594: checking for SQLITE3
configure:4601: $PKG_CONFIG --exists --print-errors "sqlite3 >= 3.6.16"
configure:4604: $? = 0
configure:4618: $PKG_CONFIG --exists --print-errors "sqlite3 >= 3.6.16"
configure:4621: $? = 0
configure:4679: result: yes
configure:4806: checking that generated files are newer than configure
configure:4812: result: done
configure:4843: creating ./config.status

## ---------------------- ##
## Running config.status. ##
## ---------------------- ##

This file was extended by cvechecker config.status 3.8, which was
generated by GNU Autoconf 2.69.  Invocation command line was

  CONFIG_FILES    = 
  CONFIG_HEADERS  = 
  CONFIG_LINKS    = 
  CONFIG_COMMANDS = 
  $ ./config.status 

on ip-172-31-29-176.us-west-1.compute.internal

config.status:883: creating Makefile
config.status:883: creating src/Makefile
config.status:883: creating data/Makefile
config.status:883: creating conf/Makefile
config.status:883: creating scripts/Makefile
config.status:883: creating docs/Makefile
config.status:883: creating config.h
config.status:1064: config.h is unchanged
config.status:1112: executing depfiles commands

## ---------------- ##
## Cache variables. ##
## ---------------- ##

ac_cv_c_compiler_gnu=yes
ac_cv_env_CC_set=
ac_cv_env_CC_value=
ac_cv_env_CFLAGS_set=
ac_cv_env_CFLAGS_value=
ac_cv_env_CONFIG_CFLAGS_set=
ac_cv_env_CONFIG_CFLAGS_value=
ac_cv_env_CONFIG_LIBS_set=
ac_cv_env_CONFIG_LIBS_value=
ac_cv_env_CPPFLAGS_set=
ac_cv_env_CPPFLAGS_value=
ac_cv_env_CPP_set=
ac_cv_env_CPP_value=
ac_cv_env_LDFLAGS_set=
ac_cv_env_LDFLAGS_value=
ac_cv_env_LIBS_set=
ac_cv_env_LIBS_value=
ac_cv_env_PKG_CONFIG_LIBDIR_set=
ac_cv_env_PKG_CONFIG_LIBDIR_value=
ac_cv_env_PKG_CONFIG_PATH_set=
ac_cv_env_PKG_CONFIG_PATH_value=
ac_cv_env_PKG_CONFIG_set=
ac_cv_env_PKG_CONFIG_value=
ac_cv_env_SQLITE3_CFLAGS_set=
ac_cv_env_SQLITE3_CFLAGS_value=
ac_cv_env_SQLITE3_LIBS_set=
ac_cv_env_SQLITE3_LIBS_value=
ac_cv_env_build_alias_set=
ac_cv_env_build_alias_value=
ac_cv_env_host_alias_set=
ac_cv_env_host_alias_value=
ac_cv_env_target_alias_set=
ac_cv_env_target_alias_value=
ac_cv_func_gethostname=yes
ac_cv_func_memset=yes
ac_cv_func_regcomp=yes
ac_cv_func_strchr=yes
ac_cv_func_strrchr=yes
ac_cv_func_strstr=yes
ac_cv_header_argp_h=yes
ac_cv_header_inttypes_h=yes
ac_cv_header_memory_h=yes
ac_cv_header_minix_config_h=no
ac_cv_header_stdc=yes
ac_cv_header_stdint_h=yes
ac_cv_header_stdlib_h=yes
ac_cv_header_string_h=yes
ac_cv_header_strings_h=yes
ac_cv_header_sys_stat_h=yes
ac_cv_header_sys_types_h=yes
ac_cv_header_unistd_h=yes
ac_cv_objext=o
ac_cv_path_EGREP='/usr/bin/grep -E'
ac_cv_path_GREP=/usr/bin/grep
ac_cv_path_ac_pt_PKG_CONFIG=/usr/bin/pkg-config
ac_cv_path_install='/usr/bin/install -c'
ac_cv_path_mkdir=/usr/bin/mkdir
ac_cv_prog_AWK=gawk
ac_cv_prog_CPP='gcc -E'
ac_cv_prog_ac_ct_CC=gcc
ac_cv_prog_cc_c89=
ac_cv_prog_cc_g=yes
ac_cv_prog_make_make_set=yes
ac_cv_safe_to_define___extensions__=yes
ac_cv_type_size_t=yes
am_cv_CC_dependencies_compiler_type=gcc3
am_cv_make_support_nested_variables=yes
pkg_cv_CONFIG_CFLAGS=' '
pkg_cv_CONFIG_LIBS='-lconfig  '
pkg_cv_SQLITE3_CFLAGS=' '
pkg_cv_SQLITE3_LIBS='-lsqlite3  '

## ----------------- ##
## Output variables. ##
## ----------------- ##

ACLOCAL='${SHELL} /home/ec2-user/cvechecker-3.8/missing aclocal-1.13'
AMDEPBACKSLASH='\'
AMDEP_FALSE='#'
AMDEP_TRUE=''
AMTAR='$${TAR-tar}'
AM_BACKSLASH='\'
AM_DEFAULT_V='$(AM_DEFAULT_VERBOSITY)'
AM_DEFAULT_VERBOSITY='1'
AM_V='$(V)'
AUTOCONF='${SHELL} /home/ec2-user/cvechecker-3.8/missing autoconf'
AUTOHEADER='${SHELL} /home/ec2-user/cvechecker-3.8/missing autoheader'
AUTOMAKE='${SHELL} /home/ec2-user/cvechecker-3.8/missing automake-1.13'
AWK='gawk'
CC='gcc'
CCDEPMODE='depmode=gcc3'
CFLAGS='-g -O2    '
CONFIG_CFLAGS=' '
CONFIG_LIBS='-lconfig  '
CPP='gcc -E'
CPPFLAGS=''
CYGPATH_W='echo'
DEFS='-DHAVE_CONFIG_H'
DEPDIR='.deps'
ECHO_C=''
ECHO_N='-n'
ECHO_T=''
EGREP='/usr/bin/grep -E'
EXEEXT=''
GREP='/usr/bin/grep'
INSTALL_DATA='${INSTALL} -m 644'
INSTALL_PROGRAM='${INSTALL}'
INSTALL_SCRIPT='${INSTALL}'
INSTALL_STRIP_PROGRAM='$(install_sh) -c -s'
LDFLAGS=''
LIBOBJS=''
LIBS=' -lconfig   -lsqlite3  '
LTLIBOBJS=''
MAKEINFO='${SHELL} /home/ec2-user/cvechecker-3.8/missing makeinfo'
MKDIR_P='/usr/bin/mkdir -p'
OBJEXT='o'
PACKAGE='cvechecker'
PACKAGE_BUGREPORT='sven.vermeulen@siphos.be'
PACKAGE_NAME='cvechecker'
PACKAGE_STRING='cvechecker 3.8'
PACKAGE_TARNAME='cvechecker'
PACKAGE_URL=''
PACKAGE_VERSION='3.8'
PATH_SEPARATOR=':'
PKG_CONFIG='/usr/bin/pkg-config'
PKG_CONFIG_LIBDIR=''
PKG_CONFIG_PATH=''
SET_MAKE=''
SHELL='/bin/sh'
SQLITE3_CFLAGS=' '
SQLITE3_LIBS='-lsqlite3  '
STRIP=''
USE_MYSQL_FALSE=''
USE_MYSQL_TRUE='#'
USE_SQLITE_FALSE='#'
USE_SQLITE_TRUE=''
VERSION='3.8'
ac_ct_CC='gcc'
am__EXEEXT_FALSE=''
am__EXEEXT_TRUE='#'
am__fastdepCC_FALSE='#'
am__fastdepCC_TRUE=''
am__include='include'
am__isrc=''
am__leading_dot='.'
am__nodep='_no'
am__quote=''
am__tar='$${TAR-tar} chof - "$$tardir"'
am__untar='$${TAR-tar} xf -'
bindir='${exec_prefix}/bin'
build_alias=''
datadir='${datarootdir}'
datarootdir='${prefix}/share'
docdir='${datarootdir}/doc/${PACKAGE_TARNAME}'
dvidir='${docdir}'
exec_prefix='${prefix}'
host_alias=''
htmldir='${docdir}'
includedir='${prefix}/include'
infodir='${datarootdir}/info'
install_sh='${SHELL} /home/ec2-user/cvechecker-3.8/install-sh'
libdir='${exec_prefix}/lib'
libexecdir='${exec_prefix}/libexec'
localedir='${datarootdir}/locale'
localstatedir='${prefix}/var'
mandir='${datarootdir}/man'
mkdir_p='$(MKDIR_P)'
oldincludedir='/usr/include'
pdfdir='${docdir}'
prefix='/usr/local'
program_transform_name='s,x,x,'
psdir='${docdir}'
sbindir='${exec_prefix}/sbin'
sharedstatedir='${prefix}/com'
sysconfdir='${prefix}/etc'
target_alias=''

## ----------- ##
## confdefs.h. ##
## ----------- ##

/* confdefs.h */
#define PACKAGE_NAME "cvechecker"
#define PACKAGE_TARNAME "cvechecker"
#define PACKAGE_VERSION "3.8"
#define PACKAGE_STRING "cvechecker 3.8"
#define PACKAGE_BUGREPORT "sven.vermeulen@siphos.be"
#define PACKAGE_URL ""
#define PACKAGE "cvechecker"
#define VERSION "3.8"
#define STDC_HEADERS 1
#define HAVE_SYS_TYPES_H 1
#define HAVE_SYS_STAT_H 1
#define HAVE_STDLIB_H 1
#define HAVE_STRING_H 1
#define HAVE_MEMORY_H 1
#define HAVE_STRINGS_H 1
#define HAVE_INTTYPES_H 1
#define HAVE_STDINT_H 1
#define HAVE_UNISTD_H 1
#define __EXTENSIONS__ 1
#define _ALL_SOURCE 1
#define _GNU_SOURCE 1
#define _POSIX_PTHREAD_SEMANTICS 1
#define _TANDEM_SOURCE 1
#define HAVE_STDLIB_H 1
#define HAVE_STRING_H 1
#define HAVE_UNISTD_H 1
#define HAVE_ARGP_H 1
#define HAVE_GETHOSTNAME 1
#define HAVE_MEMSET 1
#define HAVE_REGCOMP 1
#define HAVE_STRCHR 1
#define HAVE_STRRCHR 1
#define HAVE_STRSTR 1

configure: exit 0
